This file contains any messages produced by compilers while
running configure, to aid debugging if configure makes a mistake.

It was created by glitch-effect configure 1.0, which was
generated by GNU Autoconf 2.72.  Invocation command line was

  $ ./configure

## --------- ##
## Platform. ##
## --------- ##

hostname = arch
uname -m = x86_64
uname -r = 6.12.9-arch1-1
uname -s = Linux
uname -v = #1 SMP PREEMPT_DYNAMIC Fri, 10 Jan 2025 00:39:41 +0000

/usr/bin/uname -p = unknown
/bin/uname -X     = unknown

/bin/arch              = unknown
/usr/bin/arch -k       = unknown
/usr/convex/getsysinfo = unknown
/usr/bin/hostinfo      = unknown
/bin/machine           = unknown
/usr/bin/oslevel       = unknown
/bin/universe          = unknown

PATH: /usr/local/sbin/
PATH: /usr/local/bin/
PATH: /usr/bin/
PATH: /opt/android-sdk/platform-tools/
PATH: /opt/cuda/bin/
PATH: /opt/cuda/nsight_compute/
PATH: /opt/cuda/nsight_systems/bin/
PATH: /var/lib/flatpak/exports/bin/
PATH: /usr/lib/jvm/default/bin/
PATH: /usr/bin/site_perl/
PATH: /usr/bin/vendor_perl/
PATH: /usr/bin/core_perl/
PATH: /usr/lib/rustup/bin/
PATH: /var/lib/snapd/snap/bin/


## ----------- ##
## Core tests. ##
## ----------- ##

configure:2625: looking for aux files: compile missing install-sh
configure:2638:  trying ./
configure:2667:   ./compile found
configure:2667:   ./missing found
configure:2649:   ./install-sh found
configure:2797: checking for a BSD-compatible install
configure:2871: result: /usr/bin/install -c
configure:2882: checking whether sleep supports fractional seconds
configure:2898: result: yes
configure:2901: checking filesystem timestamp resolution
configure:3036: result: 0.01
configure:3041: checking whether build environment is sane
configure:3082: result: yes
configure:3253: checking for a race-free mkdir -p
configure:3296: result: /usr/bin/mkdir -p
configure:3303: checking for gawk
configure:3324: found /usr/bin/gawk
configure:3336: result: gawk
configure:3347: checking whether make sets $(MAKE)
configure:3371: result: yes
configure:3397: checking whether make supports nested variables
configure:3416: result: yes
configure:3430: checking xargs -n works
configure:3446: result: yes
configure:3619: checking for g++
configure:3640: found /usr/bin/g++
configure:3652: result: g++
configure:3679: checking for C++ compiler version
configure:3688: g++ --version >&5
g++ (GCC) 14.2.1 20240910
Copyright (C) 2024 Free Software Foundation, Inc.
This is free software; see the source for copying conditions.  There is NO
warranty; not even for MERCHANTABILITY or FITNESS FOR A PARTICULAR PURPOSE.

configure:3699: $? = 0
configure:3688: g++ -v >&5
Using built-in specs.
COLLECT_GCC=g++
COLLECT_LTO_WRAPPER=/usr/lib/gcc/x86_64-pc-linux-gnu/14.2.1/lto-wrapper
Target: x86_64-pc-linux-gnu
Configured with: /build/gcc/src/gcc/configure --enable-languages=ada,c,c++,d,fortran,go,lto,m2,objc,obj-c++,rust --enable-bootstrap --prefix=/usr --libdir=/usr/lib --libexecdir=/usr/lib --mandir=/usr/share/man --infodir=/usr/share/info --with-bugurl=https://gitlab.archlinux.org/archlinux/packaging/packages/gcc/-/issues --with-build-config=bootstrap-lto --with-linker-hash-style=gnu --with-system-zlib --enable-__cxa_atexit --enable-cet=auto --enable-checking=release --enable-clocale=gnu --enable-default-pie --enable-default-ssp --enable-gnu-indirect-function --enable-gnu-unique-object --enable-libstdcxx-backtrace --enable-link-serialization=1 --enable-linker-build-id --enable-lto --enable-multilib --enable-plugin --enable-shared --enable-threads=posix --disable-libssp --disable-libstdcxx-pch --disable-werror
Thread model: posix
Supported LTO compression algorithms: zlib zstd
gcc version 14.2.1 20240910 (GCC) 
configure:3699: $? = 0
configure:3688: g++ -V >&5
g++: error: unrecognized command-line option '-V'
g++: fatal error: no input files
compilation terminated.
configure:3699: $? = 1
configure:3688: g++ -qversion >&5
g++: error: unrecognized command-line option '-qversion'; did you mean '--version'?
g++: fatal error: no input files
compilation terminated.
configure:3699: $? = 1
configure:3719: checking whether the C++ compiler works
configure:3741: g++    conftest.cpp  >&5
configure:3745: $? = 0
configure:3796: result: yes
configure:3800: checking for C++ compiler default output file name
configure:3802: result: a.out
configure:3808: checking for suffix of executables
configure:3815: g++ -o conftest    conftest.cpp  >&5
configure:3819: $? = 0
configure:3843: result: 
configure:3867: checking whether we are cross compiling
configure:3875: g++ -o conftest    conftest.cpp  >&5
configure:3879: $? = 0
configure:3886: ./conftest
configure:3890: $? = 0
configure:3905: result: no
configure:3911: checking for suffix of object files
configure:3934: g++ -c   conftest.cpp >&5
configure:3938: $? = 0
configure:3962: result: o
configure:3966: checking whether the compiler supports GNU C++
configure:3986: g++ -c   conftest.cpp >&5
configure:3986: $? = 0
configure:3998: result: yes
configure:4009: checking whether g++ accepts -g
configure:4030: g++ -c -g  conftest.cpp >&5
configure:4030: $? = 0
configure:4077: result: yes
configure:4097: checking for g++ option to enable C++11 features
configure:4112: g++  -c -g -O2  conftest.cpp >&5
conftest.cpp: In function 'int main(int, char**)':
conftest.cpp:177:25: warning: empty parentheses were disambiguated as a function declaration [-Wvexing-parse]
  177 |   cxx11test::delegate d2();
      |                         ^~
conftest.cpp:177:25: note: remove parentheses to default-initialize a variable
  177 |   cxx11test::delegate d2();
      |                         ^~
      |                         --
conftest.cpp:177:25: note: or replace parentheses with braces to value-initialize a variable
configure:4112: $? = 0
configure:4131: result: none needed
configure:4203: checking whether make supports the include directive
configure:4218: make -f confmf.GNU && cat confinc.out
this is the am__doit target
configure:4221: $? = 0
configure:4240: result: yes (GNU style)
configure:4266: checking dependency style of g++
configure:4379: result: gcc3
configure:4457: checking for gcc
configure:4478: found /usr/bin/gcc
configure:4490: result: gcc
configure:4849: checking for C compiler version
configure:4858: gcc --version >&5
gcc (GCC) 14.2.1 20240910
Copyright (C) 2024 Free Software Foundation, Inc.
This is free software; see the source for copying conditions.  There is NO
warranty; not even for MERCHANTABILITY or FITNESS FOR A PARTICULAR PURPOSE.

configure:4869: $? = 0
configure:4858: gcc -v >&5
Using built-in specs.
COLLECT_GCC=gcc
COLLECT_LTO_WRAPPER=/usr/lib/gcc/x86_64-pc-linux-gnu/14.2.1/lto-wrapper
Target: x86_64-pc-linux-gnu
Configured with: /build/gcc/src/gcc/configure --enable-languages=ada,c,c++,d,fortran,go,lto,m2,objc,obj-c++,rust --enable-bootstrap --prefix=/usr --libdir=/usr/lib --libexecdir=/usr/lib --mandir=/usr/share/man --infodir=/usr/share/info --with-bugurl=https://gitlab.archlinux.org/archlinux/packaging/packages/gcc/-/issues --with-build-config=bootstrap-lto --with-linker-hash-style=gnu --with-system-zlib --enable-__cxa_atexit --enable-cet=auto --enable-checking=release --enable-clocale=gnu --enable-default-pie --enable-default-ssp --enable-gnu-indirect-function --enable-gnu-unique-object --enable-libstdcxx-backtrace --enable-link-serialization=1 --enable-linker-build-id --enable-lto --enable-multilib --enable-plugin --enable-shared --enable-threads=posix --disable-libssp --disable-libstdcxx-pch --disable-werror
Thread model: posix
Supported LTO compression algorithms: zlib zstd
gcc version 14.2.1 20240910 (GCC) 
configure:4869: $? = 0
configure:4858: gcc -V >&5
gcc: error: unrecognized command-line option '-V'
gcc: fatal error: no input files
compilation terminated.
configure:4869: $? = 1
configure:4858: gcc -qversion >&5
gcc: error: unrecognized command-line option '-qversion'; did you mean '--version'?
gcc: fatal error: no input files
compilation terminated.
configure:4869: $? = 1
configure:4858: gcc -version >&5
gcc: error: unrecognized command-line option '-version'
gcc: fatal error: no input files
compilation terminated.
configure:4869: $? = 1
configure:4873: checking whether the compiler supports GNU C
configure:4893: gcc -c   conftest.c >&5
configure:4893: $? = 0
configure:4905: result: yes
configure:4916: checking whether gcc accepts -g
configure:4937: gcc -c -g  conftest.c >&5
configure:4937: $? = 0
configure:4984: result: yes
configure:5004: checking for gcc option to enable C11 features
configure:5019: gcc  -c -g -O2  conftest.c >&5
configure:5019: $? = 0
configure:5038: result: none needed
configure:5162: checking whether gcc understands -c and -o together
configure:5185: gcc -c conftest.c -o conftest2.o
configure:5188: $? = 0
configure:5185: gcc -c conftest.c -o conftest2.o
configure:5188: $? = 0
configure:5201: result: yes
configure:5220: checking dependency style of gcc
configure:5333: result: gcc3
configure:5349: checking whether make sets $(MAKE)
configure:5373: result: yes
configure:5385: checking for main in -lncurses
configure:5405: gcc -o conftest -g -O2   conftest.c -lncurses   >&5
configure:5405: $? = 0
configure:5417: result: yes
configure:5433: checking for stdio.h
configure:5433: gcc -c -g -O2  conftest.c >&5
configure:5433: $? = 0
configure:5433: result: yes
configure:5433: checking for stdlib.h
configure:5433: gcc -c -g -O2  conftest.c >&5
configure:5433: $? = 0
configure:5433: result: yes
configure:5433: checking for string.h
configure:5433: gcc -c -g -O2  conftest.c >&5
configure:5433: $? = 0
configure:5433: result: yes
configure:5433: checking for inttypes.h
configure:5433: gcc -c -g -O2  conftest.c >&5
configure:5433: $? = 0
configure:5433: result: yes
configure:5433: checking for stdint.h
configure:5433: gcc -c -g -O2  conftest.c >&5
configure:5433: $? = 0
configure:5433: result: yes
configure:5433: checking for strings.h
configure:5433: gcc -c -g -O2  conftest.c >&5
configure:5433: $? = 0
configure:5433: result: yes
configure:5433: checking for sys/stat.h
configure:5433: gcc -c -g -O2  conftest.c >&5
configure:5433: $? = 0
configure:5433: result: yes
configure:5433: checking for sys/types.h
configure:5433: gcc -c -g -O2  conftest.c >&5
configure:5433: $? = 0
configure:5433: result: yes
configure:5433: checking for unistd.h
configure:5433: gcc -c -g -O2  conftest.c >&5
configure:5433: $? = 0
configure:5433: result: yes
configure:5458: checking for fcntl.h
configure:5458: gcc -c -g -O2  conftest.c >&5
configure:5458: $? = 0
configure:5458: result: yes
configure:5464: checking for unistd.h
configure:5464: result: yes
configure:5473: checking for _Bool
configure:5473: gcc -c -g -O2  conftest.c >&5
configure:5473: $? = 0
configure:5473: gcc -c -g -O2  conftest.c >&5
conftest.c: In function 'main':
conftest.c:55:20: error: expected expression before ')' token
   55 | if (sizeof ((_Bool)))
      |                    ^
configure:5473: $? = 1
configure: failed program was:
| /* confdefs.h */
| #define PACKAGE_NAME "glitch-effect"
| #define PACKAGE_TARNAME "glitch-effect"
| #define PACKAGE_VERSION "1.0"
| #define PACKAGE_STRING "glitch-effect 1.0"
| #define PACKAGE_BUGREPORT "you@example.com"
| #define PACKAGE_URL ""
| #define PACKAGE "glitch-effect"
| #define VERSION "1.0"
| #define HAVE_LIBNCURSES 1
| #define HAVE_STDIO_H 1
| #define HAVE_STDLIB_H 1
| #define HAVE_STRING_H 1
| #define HAVE_INTTYPES_H 1
| #define HAVE_STDINT_H 1
| #define HAVE_STRINGS_H 1
| #define HAVE_SYS_STAT_H 1
| #define HAVE_SYS_TYPES_H 1
| #define HAVE_UNISTD_H 1
| #define STDC_HEADERS 1
| #define HAVE_FCNTL_H 1
| #define HAVE_UNISTD_H 1
| /* end confdefs.h.  */
| #include <stddef.h>
| #ifdef HAVE_STDIO_H
| # include <stdio.h>
| #endif
| #ifdef HAVE_STDLIB_H
| # include <stdlib.h>
| #endif
| #ifdef HAVE_STRING_H
| # include <string.h>
| #endif
| #ifdef HAVE_INTTYPES_H
| # include <inttypes.h>
| #endif
| #ifdef HAVE_STDINT_H
| # include <stdint.h>
| #endif
| #ifdef HAVE_STRINGS_H
| # include <strings.h>
| #endif
| #ifdef HAVE_SYS_TYPES_H
| # include <sys/types.h>
| #endif
| #ifdef HAVE_SYS_STAT_H
| # include <sys/stat.h>
| #endif
| #ifdef HAVE_UNISTD_H
| # include <unistd.h>
| #endif
| int
| main (void)
| {
| if (sizeof ((_Bool)))
| 	    return 0;
|   ;
|   return 0;
| }
configure:5473: result: yes
configure:5482: checking for stdbool.h that conforms to C99 or later
configure:5557: gcc -c -g -O2  conftest.c >&5
configure:5557: $? = 0
configure:5567: result: yes
configure:5572: checking for dup2
configure:5572: gcc -o conftest -g -O2   conftest.c -lncurses  >&5
configure:5572: $? = 0
configure:5572: result: yes
configure:5578: checking for setlocale
configure:5578: gcc -o conftest -g -O2   conftest.c -lncurses  >&5
configure:5578: $? = 0
configure:5578: result: yes
configure:5692: checking that generated files are newer than configure
configure:5698: result: done
configure:5737: creating ./config.status

## ---------------------- ##
## Running config.status. ##
## ---------------------- ##

This file was extended by glitch-effect config.status 1.0, which was
generated by GNU Autoconf 2.72.  Invocation command line was

  CONFIG_FILES    = 
  CONFIG_HEADERS  = 
  CONFIG_LINKS    = 
  CONFIG_COMMANDS = 
  $ ./config.status 

on arch

config.status:863: creating Makefile
config.status:863: creating config.h
config.status:1044: config.h is unchanged
config.status:1092: executing depfiles commands
config.status:1169: cd .       && sed -e '/# am--include-marker/d' Makefile         | make -f - am--depfiles
config.status:1174: $? = 0

## ---------------- ##
## Cache variables. ##
## ---------------- ##

ac_cv_c_compiler_gnu=yes
ac_cv_cxx_compiler_gnu=yes
ac_cv_env_CCC_set=
ac_cv_env_CCC_value=
ac_cv_env_CC_set=
ac_cv_env_CC_value=
ac_cv_env_CFLAGS_set=
ac_cv_env_CFLAGS_value=
ac_cv_env_CPPFLAGS_set=
ac_cv_env_CPPFLAGS_value=
ac_cv_env_CXXFLAGS_set=
ac_cv_env_CXXFLAGS_value=
ac_cv_env_CXX_set=
ac_cv_env_CXX_value=
ac_cv_env_LDFLAGS_set=
ac_cv_env_LDFLAGS_value=
ac_cv_env_LIBS_set=
ac_cv_env_LIBS_value=
ac_cv_env_build_alias_set=
ac_cv_env_build_alias_value=
ac_cv_env_host_alias_set=
ac_cv_env_host_alias_value=
ac_cv_env_target_alias_set=
ac_cv_env_target_alias_value=
ac_cv_func_dup2=yes
ac_cv_func_setlocale=yes
ac_cv_header_fcntl_h=yes
ac_cv_header_inttypes_h=yes
ac_cv_header_stdbool_h=yes
ac_cv_header_stdint_h=yes
ac_cv_header_stdio_h=yes
ac_cv_header_stdlib_h=yes
ac_cv_header_string_h=yes
ac_cv_header_strings_h=yes
ac_cv_header_sys_stat_h=yes
ac_cv_header_sys_types_h=yes
ac_cv_header_unistd_h=yes
ac_cv_lib_ncurses_main=yes
ac_cv_objext=o
ac_cv_path_install='/usr/bin/install -c'
ac_cv_path_mkdir=/usr/bin/mkdir
ac_cv_prog_AWK=gawk
ac_cv_prog_ac_ct_CC=gcc
ac_cv_prog_ac_ct_CXX=g++
ac_cv_prog_cc_c11=
ac_cv_prog_cc_g=yes
ac_cv_prog_cc_stdc=
ac_cv_prog_cxx_cxx11=
ac_cv_prog_cxx_g=yes
ac_cv_prog_cxx_stdcxx=
ac_cv_prog_make_make_set=yes
ac_cv_type__Bool=yes
am_cv_CC_dependencies_compiler_type=gcc3
am_cv_CXX_dependencies_compiler_type=gcc3
am_cv_filesystem_timestamp_resolution=0.01
am_cv_make_support_nested_variables=yes
am_cv_prog_cc_c_o=yes
am_cv_sleep_fractional_seconds=yes
am_cv_xargs_n_works=yes

## ----------------- ##
## Output variables. ##
## ----------------- ##

ACLOCAL='${SHELL} '\''/home/mikolaj/gitrepos/glitch-effect/missing'\'' aclocal-1.17'
AMDEPBACKSLASH='\'
AMDEP_FALSE='#'
AMDEP_TRUE=''
AMTAR='$${TAR-tar}'
AM_BACKSLASH='\'
AM_DEFAULT_V='$(AM_DEFAULT_VERBOSITY)'
AM_DEFAULT_VERBOSITY='1'
AM_V='$(V)'
AUTOCONF='${SHELL} '\''/home/mikolaj/gitrepos/glitch-effect/missing'\'' autoconf'
AUTOHEADER='${SHELL} '\''/home/mikolaj/gitrepos/glitch-effect/missing'\'' autoheader'
AUTOMAKE='${SHELL} '\''/home/mikolaj/gitrepos/glitch-effect/missing'\'' automake-1.17'
AWK='gawk'
CC='gcc'
CCDEPMODE='depmode=gcc3'
CFLAGS='-g -O2'
CPPFLAGS=''
CSCOPE='cscope'
CTAGS='ctags'
CXX='g++'
CXXDEPMODE='depmode=gcc3'
CXXFLAGS='-g -O2'
CYGPATH_W='echo'
DEFS='-DHAVE_CONFIG_H'
DEPDIR='.deps'
ECHO_C=''
ECHO_N='-n'
ECHO_T=''
ETAGS='etags'
EXEEXT=''
INSTALL_DATA='${INSTALL} -m 644'
INSTALL_PROGRAM='${INSTALL}'
INSTALL_SCRIPT='${INSTALL}'
INSTALL_STRIP_PROGRAM='$(install_sh) -c -s'
LDFLAGS=''
LIBOBJS=''
LIBS='-lncurses '
LTLIBOBJS=''
MAKEINFO='${SHELL} '\''/home/mikolaj/gitrepos/glitch-effect/missing'\'' makeinfo'
MKDIR_P='/usr/bin/mkdir -p'
OBJEXT='o'
PACKAGE='glitch-effect'
PACKAGE_BUGREPORT='you@example.com'
PACKAGE_NAME='glitch-effect'
PACKAGE_STRING='glitch-effect 1.0'
PACKAGE_TARNAME='glitch-effect'
PACKAGE_URL=''
PACKAGE_VERSION='1.0'
PATH_SEPARATOR=':'
SET_MAKE=''
SHELL='/bin/sh'
STRIP=''
VERSION='1.0'
ac_ct_CC='gcc'
ac_ct_CXX='g++'
am__EXEEXT_FALSE=''
am__EXEEXT_TRUE='#'
am__fastdepCC_FALSE='#'
am__fastdepCC_TRUE=''
am__fastdepCXX_FALSE='#'
am__fastdepCXX_TRUE=''
am__include='include'
am__isrc=''
am__leading_dot='.'
am__nodep='_no'
am__quote=''
am__rm_f_notfound=''
am__tar='$${TAR-tar} chof - "$$tardir"'
am__untar='$${TAR-tar} xf -'
am__xargs_n='xargs -n'
bindir='${exec_prefix}/bin'
build_alias=''
datadir='${datarootdir}'
datarootdir='${prefix}/share'
docdir='${datarootdir}/doc/${PACKAGE_TARNAME}'
dvidir='${docdir}'
exec_prefix='${prefix}'
host_alias=''
htmldir='${docdir}'
includedir='${prefix}/include'
infodir='${datarootdir}/info'
install_sh='${SHELL} /home/mikolaj/gitrepos/glitch-effect/install-sh'
libdir='${exec_prefix}/lib'
libexecdir='${exec_prefix}/libexec'
localedir='${datarootdir}/locale'
localstatedir='${prefix}/var'
mandir='${datarootdir}/man'
mkdir_p='$(MKDIR_P)'
oldincludedir='/usr/include'
pdfdir='${docdir}'
prefix='/usr/local'
program_transform_name='s,x,x,'
psdir='${docdir}'
runstatedir='${localstatedir}/run'
sbindir='${exec_prefix}/sbin'
sharedstatedir='${prefix}/com'
sysconfdir='${prefix}/etc'
target_alias=''

## ----------- ##
## confdefs.h. ##
## ----------- ##

/* confdefs.h */
#define PACKAGE_NAME "glitch-effect"
#define PACKAGE_TARNAME "glitch-effect"
#define PACKAGE_VERSION "1.0"
#define PACKAGE_STRING "glitch-effect 1.0"
#define PACKAGE_BUGREPORT "you@example.com"
#define PACKAGE_URL ""
#define PACKAGE "glitch-effect"
#define VERSION "1.0"
#define HAVE_LIBNCURSES 1
#define HAVE_STDIO_H 1
#define HAVE_STDLIB_H 1
#define HAVE_STRING_H 1
#define HAVE_INTTYPES_H 1
#define HAVE_STDINT_H 1
#define HAVE_STRINGS_H 1
#define HAVE_SYS_STAT_H 1
#define HAVE_SYS_TYPES_H 1
#define HAVE_UNISTD_H 1
#define STDC_HEADERS 1
#define HAVE_FCNTL_H 1
#define HAVE_UNISTD_H 1
#define HAVE__BOOL 1
#define HAVE_DUP2 1
#define HAVE_SETLOCALE 1

configure: exit 0
